<?xml version="1.0" encoding="UTF-8"?>
<testng-results skipped="4" failed="0" total="4" passed="0">
  <reporter-output>
  </reporter-output>
  <suite name="Suite" duration-ms="15" started-at="2016-07-26T10:30:38Z" finished-at="2016-07-26T10:30:38Z">
    <groups>
    </groups>
    <test name="Test" duration-ms="15" started-at="2016-07-26T10:30:38Z" finished-at="2016-07-26T10:30:38Z">
      <class name="connect.assignmentscreation.BlogAssignment">
        <test-method status="SKIP" signature="CreateBlogAssignmentTest()[pri:0, instance:connect.assignmentscreation.BlogAssignment@de0a01f]" name="CreateBlogAssignmentTest" duration-ms="0" started-at="2016-07-26T16:00:38Z" finished-at="2016-07-26T16:00:38Z">
          <reporter-output>
          </reporter-output>
        </test-method> <!-- CreateBlogAssignmentTest -->
        <test-method status="FAIL" signature="configBeformtd()[pri:0, instance:connect.assignmentscreation.BlogAssignment@de0a01f]" name="configBeformtd" is-config="true" duration-ms="0" started-at="2016-07-26T16:00:38Z" finished-at="2016-07-26T16:00:38Z">
          <exception class="java.lang.NoClassDefFoundError">
            <message>
              <![CDATA[org/apache/log4j/xml/DOMConfigurator]]>
            </message>
            <full-stacktrace>
              <![CDATA[java.lang.NoClassDefFoundError: org/apache/log4j/xml/DOMConfigurator
	at connect.assignmentscreation.BlogAssignment.configBeformtd(BlogAssignment.java:27)
	at sun.reflect.NativeMethodAccessorImpl.invoke0(Native Method)
	at sun.reflect.NativeMethodAccessorImpl.invoke(NativeMethodAccessorImpl.java:62)
	at sun.reflect.DelegatingMethodAccessorImpl.invoke(DelegatingMethodAccessorImpl.java:43)
	at java.lang.reflect.Method.invoke(Method.java:497)
	at org.testng.internal.MethodInvocationHelper.invokeMethod(MethodInvocationHelper.java:85)
	at org.testng.internal.Invoker.invokeConfigurationMethod(Invoker.java:510)
	at org.testng.internal.Invoker.invokeConfigurations(Invoker.java:211)
	at org.testng.internal.Invoker.invokeMethod(Invoker.java:585)
	at org.testng.internal.Invoker.invokeTestMethod(Invoker.java:816)
	at org.testng.internal.Invoker.invokeTestMethods(Invoker.java:1124)
	at org.testng.internal.TestMethodWorker.invokeTestMethods(TestMethodWorker.java:125)
	at org.testng.internal.TestMethodWorker.run(TestMethodWorker.java:108)
	at org.testng.TestRunner.privateRun(TestRunner.java:774)
	at org.testng.TestRunner.run(TestRunner.java:624)
	at org.testng.SuiteRunner.runTest(SuiteRunner.java:359)
	at org.testng.SuiteRunner.runSequentially(SuiteRunner.java:354)
	at org.testng.SuiteRunner.privateRun(SuiteRunner.java:312)
	at org.testng.SuiteRunner.run(SuiteRunner.java:261)
	at org.testng.SuiteRunnerWorker.runSuite(SuiteRunnerWorker.java:52)
	at org.testng.SuiteRunnerWorker.run(SuiteRunnerWorker.java:86)
	at org.testng.TestNG.runSuitesSequentially(TestNG.java:1215)
	at org.testng.TestNG.runSuitesLocally(TestNG.java:1140)
	at org.testng.TestNG.run(TestNG.java:1048)
	at org.testng.TestNG.privateMain(TestNG.java:1355)
	at org.testng.TestNG.main(TestNG.java:1324)
Caused by: java.lang.ClassNotFoundException: org.apache.log4j.xml.DOMConfigurator
	at java.net.URLClassLoader.findClass(URLClassLoader.java:381)
	at java.lang.ClassLoader.loadClass(ClassLoader.java:424)
	at sun.misc.Launcher$AppClassLoader.loadClass(Launcher.java:331)
	at java.lang.ClassLoader.loadClass(ClassLoader.java:357)
	... 26 more
]]>
            </full-stacktrace>
          </exception> <!-- java.lang.NoClassDefFoundError -->
          <reporter-output>
          </reporter-output>
        </test-method> <!-- configBeformtd -->
        <test-method status="SKIP" signature="configAftermtd()[pri:0, instance:connect.assignmentscreation.BlogAssignment@de0a01f]" name="configAftermtd" is-config="true" duration-ms="0" started-at="2016-07-26T16:00:38Z" finished-at="2016-07-26T16:00:38Z">
          <reporter-output>
          </reporter-output>
        </test-method> <!-- configAftermtd -->
      </class> <!-- connect.assignmentscreation.BlogAssignment -->
      <class name="connect.assignmentscreation.DiscussionBoardAssignment">
        <test-method status="SKIP" signature="configAftermtd()[pri:0, instance:connect.assignmentscreation.DiscussionBoardAssignment@ba4d54]" name="configAftermtd" is-config="true" duration-ms="0" started-at="2016-07-26T16:00:38Z" finished-at="2016-07-26T16:00:38Z">
          <reporter-output>
          </reporter-output>
        </test-method> <!-- configAftermtd -->
        <test-method status="FAIL" signature="configBeformtd()[pri:0, instance:connect.assignmentscreation.DiscussionBoardAssignment@ba4d54]" name="configBeformtd" is-config="true" duration-ms="0" started-at="2016-07-26T16:00:38Z" finished-at="2016-07-26T16:00:38Z">
          <exception class="java.lang.NoClassDefFoundError">
            <message>
              <![CDATA[org/apache/log4j/xml/DOMConfigurator]]>
            </message>
            <full-stacktrace>
              <![CDATA[java.lang.NoClassDefFoundError: org/apache/log4j/xml/DOMConfigurator
	at connect.assignmentscreation.DiscussionBoardAssignment.configBeformtd(DiscussionBoardAssignment.java:26)
	at sun.reflect.NativeMethodAccessorImpl.invoke0(Native Method)
	at sun.reflect.NativeMethodAccessorImpl.invoke(NativeMethodAccessorImpl.java:62)
	at sun.reflect.DelegatingMethodAccessorImpl.invoke(DelegatingMethodAccessorImpl.java:43)
	at java.lang.reflect.Method.invoke(Method.java:497)
	at org.testng.internal.MethodInvocationHelper.invokeMethod(MethodInvocationHelper.java:85)
	at org.testng.internal.Invoker.invokeConfigurationMethod(Invoker.java:510)
	at org.testng.internal.Invoker.invokeConfigurations(Invoker.java:211)
	at org.testng.internal.Invoker.invokeMethod(Invoker.java:585)
	at org.testng.internal.Invoker.invokeTestMethod(Invoker.java:816)
	at org.testng.internal.Invoker.invokeTestMethods(Invoker.java:1124)
	at org.testng.internal.TestMethodWorker.invokeTestMethods(TestMethodWorker.java:125)
	at org.testng.internal.TestMethodWorker.run(TestMethodWorker.java:108)
	at org.testng.TestRunner.privateRun(TestRunner.java:774)
	at org.testng.TestRunner.run(TestRunner.java:624)
	at org.testng.SuiteRunner.runTest(SuiteRunner.java:359)
	at org.testng.SuiteRunner.runSequentially(SuiteRunner.java:354)
	at org.testng.SuiteRunner.privateRun(SuiteRunner.java:312)
	at org.testng.SuiteRunner.run(SuiteRunner.java:261)
	at org.testng.SuiteRunnerWorker.runSuite(SuiteRunnerWorker.java:52)
	at org.testng.SuiteRunnerWorker.run(SuiteRunnerWorker.java:86)
	at org.testng.TestNG.runSuitesSequentially(TestNG.java:1215)
	at org.testng.TestNG.runSuitesLocally(TestNG.java:1140)
	at org.testng.TestNG.run(TestNG.java:1048)
	at org.testng.TestNG.privateMain(TestNG.java:1355)
	at org.testng.TestNG.main(TestNG.java:1324)
Caused by: java.lang.ClassNotFoundException: org.apache.log4j.xml.DOMConfigurator
	at java.net.URLClassLoader.findClass(URLClassLoader.java:381)
	at java.lang.ClassLoader.loadClass(ClassLoader.java:424)
	at sun.misc.Launcher$AppClassLoader.loadClass(Launcher.java:331)
	at java.lang.ClassLoader.loadClass(ClassLoader.java:357)
	... 26 more
]]>
            </full-stacktrace>
          </exception> <!-- java.lang.NoClassDefFoundError -->
          <reporter-output>
          </reporter-output>
        </test-method> <!-- configBeformtd -->
        <test-method status="SKIP" signature="CreateDiscussionBoardAssignmentTest()[pri:0, instance:connect.assignmentscreation.DiscussionBoardAssignment@ba4d54]" name="CreateDiscussionBoardAssignmentTest" duration-ms="0" started-at="2016-07-26T16:00:38Z" finished-at="2016-07-26T16:00:38Z">
          <reporter-output>
          </reporter-output>
        </test-method> <!-- CreateDiscussionBoardAssignmentTest -->
      </class> <!-- connect.assignmentscreation.DiscussionBoardAssignment -->
      <class name="connect.assignmentscreation.FileAttachment">
        <test-method status="FAIL" signature="configBeformtd()[pri:0, instance:connect.assignmentscreation.FileAttachment@2d6d8735]" name="configBeformtd" is-config="true" duration-ms="0" started-at="2016-07-26T16:00:38Z" finished-at="2016-07-26T16:00:38Z">
          <exception class="java.lang.NoClassDefFoundError">
            <message>
              <![CDATA[org/apache/log4j/xml/DOMConfigurator]]>
            </message>
            <full-stacktrace>
              <![CDATA[java.lang.NoClassDefFoundError: org/apache/log4j/xml/DOMConfigurator
	at connect.assignmentscreation.FileAttachment.configBeformtd(FileAttachment.java:26)
	at sun.reflect.NativeMethodAccessorImpl.invoke0(Native Method)
	at sun.reflect.NativeMethodAccessorImpl.invoke(NativeMethodAccessorImpl.java:62)
	at sun.reflect.DelegatingMethodAccessorImpl.invoke(DelegatingMethodAccessorImpl.java:43)
	at java.lang.reflect.Method.invoke(Method.java:497)
	at org.testng.internal.MethodInvocationHelper.invokeMethod(MethodInvocationHelper.java:85)
	at org.testng.internal.Invoker.invokeConfigurationMethod(Invoker.java:510)
	at org.testng.internal.Invoker.invokeConfigurations(Invoker.java:211)
	at org.testng.internal.Invoker.invokeMethod(Invoker.java:585)
	at org.testng.internal.Invoker.invokeTestMethod(Invoker.java:816)
	at org.testng.internal.Invoker.invokeTestMethods(Invoker.java:1124)
	at org.testng.internal.TestMethodWorker.invokeTestMethods(TestMethodWorker.java:125)
	at org.testng.internal.TestMethodWorker.run(TestMethodWorker.java:108)
	at org.testng.TestRunner.privateRun(TestRunner.java:774)
	at org.testng.TestRunner.run(TestRunner.java:624)
	at org.testng.SuiteRunner.runTest(SuiteRunner.java:359)
	at org.testng.SuiteRunner.runSequentially(SuiteRunner.java:354)
	at org.testng.SuiteRunner.privateRun(SuiteRunner.java:312)
	at org.testng.SuiteRunner.run(SuiteRunner.java:261)
	at org.testng.SuiteRunnerWorker.runSuite(SuiteRunnerWorker.java:52)
	at org.testng.SuiteRunnerWorker.run(SuiteRunnerWorker.java:86)
	at org.testng.TestNG.runSuitesSequentially(TestNG.java:1215)
	at org.testng.TestNG.runSuitesLocally(TestNG.java:1140)
	at org.testng.TestNG.run(TestNG.java:1048)
	at org.testng.TestNG.privateMain(TestNG.java:1355)
	at org.testng.TestNG.main(TestNG.java:1324)
Caused by: java.lang.ClassNotFoundException: org.apache.log4j.xml.DOMConfigurator
	at java.net.URLClassLoader.findClass(URLClassLoader.java:381)
	at java.lang.ClassLoader.loadClass(ClassLoader.java:424)
	at sun.misc.Launcher$AppClassLoader.loadClass(Launcher.java:331)
	at java.lang.ClassLoader.loadClass(ClassLoader.java:357)
	... 26 more
]]>
            </full-stacktrace>
          </exception> <!-- java.lang.NoClassDefFoundError -->
          <reporter-output>
          </reporter-output>
        </test-method> <!-- configBeformtd -->
        <test-method status="SKIP" signature="CreateFileAttachmentAssignmentTest()[pri:0, instance:connect.assignmentscreation.FileAttachment@2d6d8735]" name="CreateFileAttachmentAssignmentTest" duration-ms="0" started-at="2016-07-26T16:00:38Z" finished-at="2016-07-26T16:00:38Z">
          <reporter-output>
          </reporter-output>
        </test-method> <!-- CreateFileAttachmentAssignmentTest -->
        <test-method status="SKIP" signature="configAftermtd()[pri:0, instance:connect.assignmentscreation.FileAttachment@2d6d8735]" name="configAftermtd" is-config="true" duration-ms="0" started-at="2016-07-26T16:00:38Z" finished-at="2016-07-26T16:00:38Z">
          <reporter-output>
          </reporter-output>
        </test-method> <!-- configAftermtd -->
      </class> <!-- connect.assignmentscreation.FileAttachment -->
      <class name="connect.assignmentscreation.WebActivityAssignment">
        <test-method status="SKIP" signature="configAftermtd()[pri:0, instance:connect.assignmentscreation.WebActivityAssignment@12bc6874]" name="configAftermtd" is-config="true" duration-ms="0" started-at="2016-07-26T16:00:38Z" finished-at="2016-07-26T16:00:38Z">
          <reporter-output>
          </reporter-output>
        </test-method> <!-- configAftermtd -->
        <test-method status="FAIL" signature="configBeformtd()[pri:0, instance:connect.assignmentscreation.WebActivityAssignment@12bc6874]" name="configBeformtd" is-config="true" duration-ms="0" started-at="2016-07-26T16:00:38Z" finished-at="2016-07-26T16:00:38Z">
          <exception class="java.lang.NoClassDefFoundError">
            <message>
              <![CDATA[org/apache/log4j/xml/DOMConfigurator]]>
            </message>
            <full-stacktrace>
              <![CDATA[java.lang.NoClassDefFoundError: org/apache/log4j/xml/DOMConfigurator
	at connect.assignmentscreation.WebActivityAssignment.configBeformtd(WebActivityAssignment.java:27)
	at sun.reflect.NativeMethodAccessorImpl.invoke0(Native Method)
	at sun.reflect.NativeMethodAccessorImpl.invoke(NativeMethodAccessorImpl.java:62)
	at sun.reflect.DelegatingMethodAccessorImpl.invoke(DelegatingMethodAccessorImpl.java:43)
	at java.lang.reflect.Method.invoke(Method.java:497)
	at org.testng.internal.MethodInvocationHelper.invokeMethod(MethodInvocationHelper.java:85)
	at org.testng.internal.Invoker.invokeConfigurationMethod(Invoker.java:510)
	at org.testng.internal.Invoker.invokeConfigurations(Invoker.java:211)
	at org.testng.internal.Invoker.invokeMethod(Invoker.java:585)
	at org.testng.internal.Invoker.invokeTestMethod(Invoker.java:816)
	at org.testng.internal.Invoker.invokeTestMethods(Invoker.java:1124)
	at org.testng.internal.TestMethodWorker.invokeTestMethods(TestMethodWorker.java:125)
	at org.testng.internal.TestMethodWorker.run(TestMethodWorker.java:108)
	at org.testng.TestRunner.privateRun(TestRunner.java:774)
	at org.testng.TestRunner.run(TestRunner.java:624)
	at org.testng.SuiteRunner.runTest(SuiteRunner.java:359)
	at org.testng.SuiteRunner.runSequentially(SuiteRunner.java:354)
	at org.testng.SuiteRunner.privateRun(SuiteRunner.java:312)
	at org.testng.SuiteRunner.run(SuiteRunner.java:261)
	at org.testng.SuiteRunnerWorker.runSuite(SuiteRunnerWorker.java:52)
	at org.testng.SuiteRunnerWorker.run(SuiteRunnerWorker.java:86)
	at org.testng.TestNG.runSuitesSequentially(TestNG.java:1215)
	at org.testng.TestNG.runSuitesLocally(TestNG.java:1140)
	at org.testng.TestNG.run(TestNG.java:1048)
	at org.testng.TestNG.privateMain(TestNG.java:1355)
	at org.testng.TestNG.main(TestNG.java:1324)
Caused by: java.lang.ClassNotFoundException: org.apache.log4j.xml.DOMConfigurator
	at java.net.URLClassLoader.findClass(URLClassLoader.java:381)
	at java.lang.ClassLoader.loadClass(ClassLoader.java:424)
	at sun.misc.Launcher$AppClassLoader.loadClass(Launcher.java:331)
	at java.lang.ClassLoader.loadClass(ClassLoader.java:357)
	... 26 more
]]>
            </full-stacktrace>
          </exception> <!-- java.lang.NoClassDefFoundError -->
          <reporter-output>
          </reporter-output>
        </test-method> <!-- configBeformtd -->
        <test-method status="SKIP" signature="CreateWebActivityAssignmentTest()[pri:0, instance:connect.assignmentscreation.WebActivityAssignment@12bc6874]" name="CreateWebActivityAssignmentTest" duration-ms="0" started-at="2016-07-26T16:00:38Z" finished-at="2016-07-26T16:00:38Z">
          <reporter-output>
          </reporter-output>
        </test-method> <!-- CreateWebActivityAssignmentTest -->
      </class> <!-- connect.assignmentscreation.WebActivityAssignment -->
    </test> <!-- Test -->
  </suite> <!-- Suite -->
</testng-results>
